[2025-06-30 15:07:05] [32mINFO [0m Hikvision SDK initialized successfully
[2025-06-30 15:10:09] [32m[INFO][0m Hikvision SDK initialized successfully
[2025-06-30 15:14:52] [32m[INFO][0m Hikvision SDK initialized successfully
[2025-06-30 15:29:49] [[INFO]] Hikvision SDK initialized successfully

[2025-06-30 15:32:00] [INFO] Hikvision SDK initialized successfully

[2025-06-30 15:32:54] [INFO] Hikvision SDK initialized successfully

[2025-06-30 15:33:57] [INFO] Hikvision SDK initialized successfully

[2025-06-30 15:39:49] [INFO] Hikvision SDK initialized successfully


[2025-06-30 15:41:14] [INFO] Hikvision SDK initialized successfully


[2025-06-30 15:41:14] [INFO] Listener started successfully


[2025-06-30 15:47:27] [INFO] Hikvision SDK initialized successfully


[2025-06-30 15:47:27] [INFO] Listener started successfully


[2025-06-30 15:47:27] [INFO] Listening on port 8000


[2025-06-30 15:48:24] [INFO] Hikvision SDK initialized successfully

[2025-06-30 15:48:24] [INFO] Listener started successfully

[2025-06-30 15:48:24] [INFO] Listening on port8000

[2025-06-30 15:51:01] [INFO] Hikvision SDK initialized successfully

[2025-06-30 15:51:01] [INFO] Listener started successfully

[2025-06-30 15:51:01] [INFO] Listening on port: 8000

[2025-06-30 15:55:15] [INFO] Hikvision SDK initialized successfully

[2025-06-30 15:55:15] [INFO] Listener started successfully

[2025-06-30 15:55:15] [INFO] Listening on port: 8000

[2025-06-30 15:56:51] [INFO] Hikvision SDK initialized successfully

[2025-06-30 15:56:51] [INFO] Listener started successfully

[2025-06-30 15:56:51] [INFO] Listening on port: 8000

[2025-06-30 16:01:59] [INFO] Hikvision SDK initialized successfully

[2025-06-30 16:01:59] [INFO] Listener started successfully

[2025-06-30 16:01:59] [INFO] Listening on port: 8000

[2025-06-30 16:02:07] [INFO] Shutting down...

[2025-06-30 16:09:03] [INFO] Hikvision SDK initialized successfully

[2025-06-30 16:09:03] [INFO] Listener started successfully

[2025-06-30 16:09:03] [INFO] Listening on port: 8000

[2025-06-30 16:09:08] [INFO] Shutting down...

[2025-06-30 16:12:33] [INFO] Hikvision SDK initialized successfully

[2025-06-30 16:12:33] [INFO] Listener started successfully

[2025-06-30 16:12:33] [INFO] Listening on port: 8000

[2025-06-30 16:12:37] [INFO] Shutting down...

[2025-06-30 16:12:38] [INFO] Listener stoped successfully

[2025-06-30 16:12:38] [INFO] Listener stopped successfully

[2025-06-30 16:12:38] [INFO] Hikvision SDK cleaned up successfully

[2025-06-30 16:12:38] [INFO] Hikvision SDK cleaned up successfully

[2025-06-30 16:13:00] [INFO] Hikvision SDK initialized successfully

[2025-06-30 16:13:00] [INFO] Listener started successfully

[2025-06-30 16:13:00] [INFO] Listening on port: 8000

[2025-06-30 16:13:05] [INFO] Shutting down...

[2025-06-30 16:13:05] [INFO] Listener stopped successfully

[2025-06-30 16:13:05] [INFO] Hikvision SDK cleaned up successfully

[2025-06-30 16:17:47] [INFO] Hikvision SDK initialized successfully

[2025-06-30 16:17:47] [INFO] Listener started successfully

[2025-06-30 16:17:47] [INFO] Listening on port: 8000

[2025-06-30 16:18:02] [INFO] Shutting down...

[2025-06-30 16:18:02] [INFO] Listener stopped successfully

[2025-06-30 16:18:02] [INFO] Hikvision SDK cleaned up successfully

[2025-06-30 16:21:02] [INFO] Hikvision SDK initialized successfully
[2025-06-30 16:21:02] [INFO] Listener started successfully
[2025-06-30 16:21:02] [INFO] Listening on port: 8000
[2025-06-30 16:21:08] [INFO] Shutting down...
[2025-06-30 16:21:09] [INFO] Listener stopped successfully
[2025-06-30 16:21:09] [INFO] Hikvision SDK cleaned up successfully
